状态 16 冲突：1 项偏移/归约


语法

    0 $accept: Program $end

    1 Program: Whole

    2 Whole: WholeX
    3      | SELECT LB Conditions RB LP Whole RP
    4      | PROJECTION LB Attributes RB LP Whole RP

    5 WholeX: Whole JOIN Whole
    6       | ID

    7 Conditions: Condition AND Conditions
    8           | Condition

    9 Condition: ID ASSIGNOP APOS ID APOS

   10 Attributes: ID COMMA Attributes
   11           | ID


终结语词，附有它们出现处的规则

    $end (0) 0
    error (256)
    SELECT (258) 3
    PROJECTION (259) 4
    JOIN (260) 5
    ID (261) 6 9 10 11
    LP (262) 3 4
    RP (263) 3 4
    LB (264) 3 4
    RB (265) 3 4
    AND (266) 7
    COMMA (267) 10
    APOS (268) 9
    ASSIGNOP (269) 9


非终结语词，附有它们出现处的规则

    $accept (15)
        on left: 0
    Program (16)
        on left: 1
        on right: 0
    Whole (17)
        on left: 2 3 4
        on right: 1 3 4 5
    WholeX (18)
        on left: 5 6
        on right: 2
    Conditions (19)
        on left: 7 8
        on right: 3 7
    Condition (20)
        on left: 9
        on right: 7 8
    Attributes (21)
        on left: 10 11
        on right: 4 10


状态 0

    0 $accept: . Program $end

    SELECT      偏移，并进入状态 1
    PROJECTION  偏移，并进入状态 2
    ID          偏移，并进入状态 3

    Program  转到状态 4
    Whole    转到状态 5
    WholeX   转到状态 6


状态 1

    3 Whole: SELECT . LB Conditions RB LP Whole RP

    LB  偏移，并进入状态 7


状态 2

    4 Whole: PROJECTION . LB Attributes RB LP Whole RP

    LB  偏移，并进入状态 8


状态 3

    6 WholeX: ID .

    $default  使用规则 6 以归约 (WholeX)


状态 4

    0 $accept: Program . $end

    $end  偏移，并进入状态 9


状态 5

    1 Program: Whole .
    5 WholeX: Whole . JOIN Whole

    JOIN  偏移，并进入状态 10

    $default  使用规则 1 以归约 (Program)


状态 6

    2 Whole: WholeX .

    $default  使用规则 2 以归约 (Whole)


状态 7

    3 Whole: SELECT LB . Conditions RB LP Whole RP

    ID  偏移，并进入状态 11

    Conditions  转到状态 12
    Condition   转到状态 13


状态 8

    4 Whole: PROJECTION LB . Attributes RB LP Whole RP

    ID  偏移，并进入状态 14

    Attributes  转到状态 15


状态 9

    0 $accept: Program $end .

    $default  接受


状态 10

    5 WholeX: Whole JOIN . Whole

    SELECT      偏移，并进入状态 1
    PROJECTION  偏移，并进入状态 2
    ID          偏移，并进入状态 3

    Whole   转到状态 16
    WholeX  转到状态 6


状态 11

    9 Condition: ID . ASSIGNOP APOS ID APOS

    ASSIGNOP  偏移，并进入状态 17


状态 12

    3 Whole: SELECT LB Conditions . RB LP Whole RP

    RB  偏移，并进入状态 18


状态 13

    7 Conditions: Condition . AND Conditions
    8           | Condition .

    AND  偏移，并进入状态 19

    $default  使用规则 8 以归约 (Conditions)


状态 14

   10 Attributes: ID . COMMA Attributes
   11           | ID .

    COMMA  偏移，并进入状态 20

    $default  使用规则 11 以归约 (Attributes)


状态 15

    4 Whole: PROJECTION LB Attributes . RB LP Whole RP

    RB  偏移，并进入状态 21


状态 16

    5 WholeX: Whole . JOIN Whole
    5       | Whole JOIN Whole .

    JOIN  偏移，并进入状态 10

    JOIN      [使用规则 5 以归约 (WholeX)]
    $default  使用规则 5 以归约 (WholeX)


状态 17

    9 Condition: ID ASSIGNOP . APOS ID APOS

    APOS  偏移，并进入状态 22


状态 18

    3 Whole: SELECT LB Conditions RB . LP Whole RP

    LP  偏移，并进入状态 23


状态 19

    7 Conditions: Condition AND . Conditions

    ID  偏移，并进入状态 11

    Conditions  转到状态 24
    Condition   转到状态 13


状态 20

   10 Attributes: ID COMMA . Attributes

    ID  偏移，并进入状态 14

    Attributes  转到状态 25


状态 21

    4 Whole: PROJECTION LB Attributes RB . LP Whole RP

    LP  偏移，并进入状态 26


状态 22

    9 Condition: ID ASSIGNOP APOS . ID APOS

    ID  偏移，并进入状态 27


状态 23

    3 Whole: SELECT LB Conditions RB LP . Whole RP

    SELECT      偏移，并进入状态 1
    PROJECTION  偏移，并进入状态 2
    ID          偏移，并进入状态 3

    Whole   转到状态 28
    WholeX  转到状态 6


状态 24

    7 Conditions: Condition AND Conditions .

    $default  使用规则 7 以归约 (Conditions)


状态 25

   10 Attributes: ID COMMA Attributes .

    $default  使用规则 10 以归约 (Attributes)


状态 26

    4 Whole: PROJECTION LB Attributes RB LP . Whole RP

    SELECT      偏移，并进入状态 1
    PROJECTION  偏移，并进入状态 2
    ID          偏移，并进入状态 3

    Whole   转到状态 29
    WholeX  转到状态 6


状态 27

    9 Condition: ID ASSIGNOP APOS ID . APOS

    APOS  偏移，并进入状态 30


状态 28

    3 Whole: SELECT LB Conditions RB LP Whole . RP
    5 WholeX: Whole . JOIN Whole

    JOIN  偏移，并进入状态 10
    RP    偏移，并进入状态 31


状态 29

    4 Whole: PROJECTION LB Attributes RB LP Whole . RP
    5 WholeX: Whole . JOIN Whole

    JOIN  偏移，并进入状态 10
    RP    偏移，并进入状态 32


状态 30

    9 Condition: ID ASSIGNOP APOS ID APOS .

    $default  使用规则 9 以归约 (Condition)


状态 31

    3 Whole: SELECT LB Conditions RB LP Whole RP .

    $default  使用规则 3 以归约 (Whole)


状态 32

    4 Whole: PROJECTION LB Attributes RB LP Whole RP .

    $default  使用规则 4 以归约 (Whole)
